c:\users\ricky\desktop\adipfinal\adipfinal\x64\release\uic\ui_adipfinal.h
c:\users\ricky\desktop\adipfinal\adipfinal\x64\release\rcc\qrc_adipfinal.cpp
c:\users\ricky\desktop\adipfinal\adipfinal\x64\release\moc\moc_adipfinal.cpp
c:\users\ricky\desktop\adipfinal\adipfinal\x64\release\moc_adipfinal.obj
c:\users\ricky\desktop\adipfinal\adipfinal\x64\release\qrc_adipfinal.obj
c:\users\ricky\desktop\adipfinal\adipfinal\x64\release\main.obj
c:\users\ricky\desktop\adipfinal\adipfinal\x64\release\function.obj
c:\users\ricky\desktop\adipfinal\adipfinal\x64\release\adipfinal.obj
c:\users\ricky\desktop\adipfinal\x64\release\adipfinal.exe
c:\users\ricky\desktop\adipfinal\adipfinal\x64\release\adipfinal.tlog\adipfinal.write.1u.tlog
c:\users\ricky\desktop\adipfinal\adipfinal\x64\release\adipfinal.tlog\cl.command.1.tlog
c:\users\ricky\desktop\adipfinal\adipfinal\x64\release\adipfinal.tlog\cl.read.1.tlog
c:\users\ricky\desktop\adipfinal\adipfinal\x64\release\adipfinal.tlog\cl.write.1.tlog
c:\users\ricky\desktop\adipfinal\adipfinal\x64\release\adipfinal.tlog\link.command.1.tlog
c:\users\ricky\desktop\adipfinal\adipfinal\x64\release\adipfinal.tlog\link.read.1.tlog
c:\users\ricky\desktop\adipfinal\adipfinal\x64\release\adipfinal.tlog\link.write.1.tlog
c:\users\ricky\desktop\adipfinal\adipfinal\x64\release\adipfinal.tlog\moc.read.1u.tlog
c:\users\ricky\desktop\adipfinal\adipfinal\x64\release\adipfinal.tlog\moc.write.1u.tlog
c:\users\ricky\desktop\adipfinal\adipfinal\x64\release\adipfinal.tlog\rcc.read.1u.tlog
c:\users\ricky\desktop\adipfinal\adipfinal\x64\release\adipfinal.tlog\rcc.write.1u.tlog
c:\users\ricky\desktop\adipfinal\adipfinal\x64\release\adipfinal.tlog\uic.read.1u.tlog
c:\users\ricky\desktop\adipfinal\adipfinal\x64\release\adipfinal.tlog\uic.write.1u.tlog
